<?xml version="1.0" encoding="UTF-8"?>
<!-- Generated by org.testng.reporters.JUnitReportReporter -->
<testsuite skipped="0" hostname="dell-PC" name="com.hrm.qa.tests.pimAddEmpolyeeTest" tests="1" failures="0" timestamp="06 May 2020 17:38:38 GMT" time="20.046" errors="0">
  <testcase name="verifyAddEmployeeTest" time="20.046" classname="com.hrm.qa.tests.pimAddEmpolyeeTest"/>
</testsuite> <!-- com.hrm.qa.tests.pimAddEmpolyeeTest -->
