<?xml version="1.0" encoding="UTF-8"?>
<!-- Generated by org.testng.reporters.JUnitReportReporter -->
<testsuite skipped="0" hostname="dell-PC" name="com.hrm.qa.utility.TakeSceanShot" tests="1" failures="0" timestamp="22 Apr 2020 11:07:55 GMT" time="16.040" errors="0">
  <testcase name="sceanShot" time="16.040" classname="com.hrm.qa.utility.TakeSceanShot"/>
</testsuite> <!-- com.hrm.qa.utility.TakeSceanShot -->
