<?xml version="1.0" encoding="UTF-8"?>
<!-- Generated by org.testng.reporters.JUnitReportReporter -->
<testsuite skipped="0" hostname="dell-PC" name="com.hrm.qa.tests.LoginTest" tests="4" failures="0" timestamp="10 Apr 2020 10:34:16 GMT" time="45.154" errors="0">
  <testcase name="validateTittleTest" time="10.281" classname="com.hrm.qa.tests.LoginTest"/>
  <testcase name="validateLogoTest" time="10.388" classname="com.hrm.qa.tests.LoginTest"/>
  <testcase name="liginTest" time="15.620" classname="com.hrm.qa.tests.LoginTest"/>
  <testcase name="validatefooterLinkTest" time="8.865" classname="com.hrm.qa.tests.LoginTest"/>
</testsuite> <!-- com.hrm.qa.tests.LoginTest -->
