<?xml version="1.0" encoding="UTF-8"?>
<!-- Generated by org.testng.reporters.JUnitReportReporter -->
<testsuite skipped="0" hostname="dell-PC" name="testnglistenersITestlistener.TestNgListenerExample" tests="1" failures="0" timestamp="23 Apr 2020 17:09:53 GMT" time="10.286" errors="0">
  <testcase name="tittleTest" time="10.286" classname="testnglistenersITestlistener.TestNgListenerExample"/>
</testsuite> <!-- testnglistenersITestlistener.TestNgListenerExample -->
