<?xml version="1.0" encoding="UTF-8"?>
<!-- Generated by org.testng.reporters.JUnitReportReporter -->
<testsuite skipped="0" hostname="dell-PC" name="com.hrm.qa.tests.LoginPageTest" tests="4" failures="0" timestamp="06 May 2020 17:33:36 GMT" time="41.104" errors="0">
  <testcase name="validatefooterLinkTest" time="9.193" classname="com.hrm.qa.tests.LoginPageTest"/>
  <testcase name="validateTittleTest" time="8.390" classname="com.hrm.qa.tests.LoginPageTest"/>
  <testcase name="validateLogoTest" time="8.942" classname="com.hrm.qa.tests.LoginPageTest"/>
  <testcase name="liginTest" time="14.579" classname="com.hrm.qa.tests.LoginPageTest"/>
</testsuite> <!-- com.hrm.qa.tests.LoginPageTest -->
