<?xml version="1.0" encoding="UTF-8"?>
<!-- Generated by org.testng.reporters.JUnitReportReporter -->
<testsuite skipped="0" hostname="dell-PC" name="com.hrm.qa.extentreportlistener.ExtentReportListener" tests="1" failures="0" timestamp="18 Apr 2020 08:34:42 GMT" time="0.755" errors="0">
  <testcase name="extentReport" time="0.755" classname="com.hrm.qa.extentreportlistener.ExtentReportListener"/>
</testsuite> <!-- com.hrm.qa.extentreportlistener.ExtentReportListener -->
