<?xml version="1.0" encoding="UTF-8"?>
<!-- Generated by org.testng.reporters.JUnitReportReporter -->
<testsuite skipped="0" hostname="dell-PC" name="com.hrm.qa.utility.Log4jExample" tests="1" failures="0" timestamp="05 May 2020 08:32:31 GMT" time="11.673" errors="0">
  <testcase name="login" time="11.673" classname="com.hrm.qa.utility.Log4jExample"/>
</testsuite> <!-- com.hrm.qa.utility.Log4jExample -->
