<?xml version="1.0" encoding="UTF-8"?>
<!-- Generated by org.testng.reporters.JUnitReportReporter -->
<testsuite skipped="0" hostname="dell-PC" name="com.hrm.qa.tests.HomePageTest" tests="5" failures="0" timestamp="11 Apr 2020 08:40:55 GMT" time="80.238" errors="0">
  <testcase name="verifyHomePageTittletest" time="13.366" classname="com.hrm.qa.tests.HomePageTest"/>
  <testcase name="verifyHomepageDashboardtTest" time="13.173" classname="com.hrm.qa.tests.HomePageTest"/>
  <testcase name="verifyAdminLinkTest" time="15.458" classname="com.hrm.qa.tests.HomePageTest"/>
  <testcase name="verifyPimLinkTest" time="16.826" classname="com.hrm.qa.tests.HomePageTest"/>
  <testcase name="verifyLeaveLinkTest" time="21.415" classname="com.hrm.qa.tests.HomePageTest"/>
</testsuite> <!-- com.hrm.qa.tests.HomePageTest -->
