<?xml version="1.0" encoding="UTF-8"?>
<!-- Generated by org.testng.reporters.JUnitReportReporter -->
<testsuite skipped="0" hostname="dell-PC" name="com.hrm.qa.tests.AdminPageTest" tests="1" failures="0" timestamp="06 May 2020 17:45:17 GMT" time="12.816" errors="0">
  <testcase name="verifyAdminPageTittleTest" time="12.816" classname="com.hrm.qa.tests.AdminPageTest"/>
</testsuite> <!-- com.hrm.qa.tests.AdminPageTest -->
