<?xml version="1.0" encoding="UTF-8"?>
<!-- Generated by org.testng.reporters.JUnitReportReporter -->
<testsuite skipped="0" hostname="dell-PC" name="com.hrm.qa.tests.LoginPageTest" tests="4" failures="0" timestamp="06 May 2020 17:45:17 GMT" time="46.891" errors="0">
  <testcase name="liginTest" time="13.996" classname="com.hrm.qa.tests.LoginPageTest"/>
  <testcase name="validatefooterLinkTest" time="15.341" classname="com.hrm.qa.tests.LoginPageTest"/>
  <testcase name="validateLogoTest" time="9.284" classname="com.hrm.qa.tests.LoginPageTest"/>
  <testcase name="validateTittleTest" time="8.270" classname="com.hrm.qa.tests.LoginPageTest"/>
</testsuite> <!-- com.hrm.qa.tests.LoginPageTest -->
